 * <a href="http://en.wikipedia.org/wiki/Berlin_Wall">Berlin</a> (1080805)
 * <a href="http://en.wikipedia.org/wiki/Albert_Einstein">Einstein</a> (352130)
 * <a href="http://en.wikipedia.org/wiki/Assassination_of_John_F._Kennedy">J.F.K. blown away</a> (325980)
 * <a href="http://en.wikipedia.org/wiki/John_F._Kennedy">Kennedy</a> (281883)
 * <a href="http://en.wikipedia.org/wiki/Elvis_Presley">Elvis Presley</a> (245866)
 * <a href="http://en.wikipedia.org/wiki/South_Korea">South Korea</a> (233906)
 * <a href="http://en.wikipedia.org/wiki/Marilyn_Monroe">Marilyn Monroe</a> (218501)
 * <a href="http://en.wikipedia.org/wiki/Ronald_Reagan">Reagan</a> (214539)
 * <a href="http://en.wikipedia.org/wiki/Joseph_Stalin">Joseph Stalin</a> (209276)
 * <a href="http://en.wikipedia.org/wiki/Bob_Dylan">Dylan</a> (187512)
 * <a href="http://en.wikipedia.org/wiki/North_Korea">North Korea</a> (177425)
 * <a href="http://en.wikipedia.org/wiki/HIV/AIDS">AIDS</a> (157598)
 * <a href="http://en.wikipedia.org/wiki/Richard_Nixon">Richard Nixon</a> (153397)
 * <a href="http://en.wikipedia.org/wiki/Richard_Nixon">Richard Nixon back again</a> (153397)
 * <a href="http://en.wikipedia.org/wiki/Ernest_Hemingway">Hemingway</a> (151655)
 * <a href="http://en.wikipedia.org/wiki/Malcolm_X">Malcolm X</a> (147612)
 * <a href="http://en.wikipedia.org/wiki/Dwight_D._Eisenhower">Eisenhower</a> (125292)
 * <a href="http://en.wikipedia.org/wiki/Marlon_Brando">Brando</a> (123981)
 * <a href="http://en.wikipedia.org/wiki/Lebanon">Lebanon</a> (123688)
 * <a href="http://en.wikipedia.org/wiki/Apollo_11">Moonshot</a> (115290)
 * <a href="http://en.wikipedia.org/wiki/Fidel_Castro">Castro</a> (112343)
 * <a href="http://en.wikipedia.org/wiki/Grace_Kelly">Princess Grace</a> (103783)
 * <a href="http://en.wikipedia.org/wiki/Harry_S._Truman">Harry Truman</a> (97320)
 * <a href="http://en.wikipedia.org/wiki/Television">Television</a> (96978)
 * <a href="http://en.wikipedia.org/wiki/Watergate_scandal">Watergate</a> (96187)
 * <a href="http://en.wikipedia.org/wiki/James_Dean">James Dean</a> (95731)
 * <a href="http://en.wikipedia.org/wiki/Palestine">Palestine</a> (83086)
 * <a href="http://en.wikipedia.org/wiki/Nikita_Khrushchev">Khrushchev</a> (79498)
 * <a href="http://en.wikipedia.org/wiki/Psycho_(1960_film)">Psycho</a> (73061)
 * <a href="http://en.wikipedia.org/wiki/The_Catcher_in_the_Rye">The Catcher In The Rye</a> (72372)
 * <a href="http://en.wikipedia.org/wiki/Thalidomide">Children of Thalidomide</a> (70547)
 * <a href="http://en.wikipedia.org/wiki/Woodstock">Woodstock</a> (68833)
 * <a href="http://en.wikipedia.org/wiki/Punk_rock">Punk rock</a> (65845)
 * <a href="http://en.wikipedia.org/wiki/Soviet_war_in_Afghanistan">Russians in Afghanistan</a> (62203)
 * <a href="http://en.wikipedia.org/wiki/Doris_Day">Doris Day</a> (61926)
 * <a href="http://en.wikipedia.org/wiki/Buddy_Holly">Buddy Holly</a> (60534)
 * <a href="http://en.wikipedia.org/wiki/Bay_of_Pigs_Invasion">Bay of Pigs invasion</a> (59399)
 * <a href="http://en.wikipedia.org/wiki/Jack_Kerouac">Kerouac</a> (57135)
 * <a href="http://en.wikipedia.org/wiki/Charles_de_Gaulle">Charles de Gaulle</a> (55524)
 * <a href="http://en.wikipedia.org/wiki/Disneyland">Disneyland</a> (54682)
 * <a href="http://en.wikipedia.org/wiki/Communist_Party_of_China">Red China</a> (54198)
 * <a href="http://en.wikipedia.org/wiki/Polyethylene_terephthalate">Dacron</a> (53648)
 * <a href="http://en.wikipedia.org/wiki/Joseph_McCarthy">Joe McCarthy</a> (49314)
 * <a href="http://en.wikipedia.org/wiki/Adolf_Eichmann">Eichmann</a> (49203)
 * <a href="http://en.wikipedia.org/wiki/Joe_DiMaggio">Joe DiMaggio</a> (48507)
 * <a href="http://en.wikipedia.org/wiki/Ho_Chi_Minh">Ho Chi Minh</a> (46511)
 * <a href="http://en.wikipedia.org/wiki/Brigitte_Bardot">Bardot</a> (46293)
 * <a href="http://en.wikipedia.org/wiki/Ruhollah_Khomeini">Ayatollah's in Iran</a> (44963)
 * <a href="http://en.wikipedia.org/wiki/Rocky_Marciano">Marciano</a> (44101)
 * <a href="http://en.wikipedia.org/wiki/American_Mafia">Mafia</a> (43957)
 * <a href="http://en.wikipedia.org/wiki/Suez_Crisis">Trouble in the Suez</a> (43446)
 * <a href="http://en.wikipedia.org/wiki/Sputnik_1">Sputnik</a> (40023)
 * <a href="http://en.wikipedia.org/wiki/Liberace">Liberace</a> (39491)
 * <a href="http://en.wikipedia.org/wiki/Crack_cocaine">Crack</a> (39256)
 * <a href="http://en.wikipedia.org/wiki/Lawrence_of_Arabia_(film)">Lawrence of Arabia</a> (38190)
 * <a href="http://en.wikipedia.org/wiki/Lockheed_U-2">U-2</a> (37172)
 * <a href="http://en.wikipedia.org/wiki/Ben-Hur_(1959_film)">Ben-Hur</a> (36544)
 * <a href="http://en.wikipedia.org/wiki/Gamal_Abdel_Nasser">Nasser</a> (36001)
 * <a href="http://en.wikipedia.org/wiki/Montgomery_Bus_Boycott">Alabama</a> (34247)
 * <a href="http://en.wikipedia.org/wiki/Eastern_Bloc">Communist Bloc</a> (33882)
 * <a href="http://en.wikipedia.org/wiki/Sugar_Ray_Leonard">Sugar Ray</a> (32193)
 * <a href="http://en.wikipedia.org/wiki/John_Glenn">John Glenn</a> (31611)
 * <a href="http://en.wikipedia.org/wiki/Little_Rock_Nine">Little Rock</a> (30717)
 * <a href="http://en.wikipedia.org/wiki/Julius_and_Ethel_Rosenberg">Rosenbergs</a> (28928)
 * <a href="http://en.wikipedia.org/wiki/Balance_of_trade">Foreign debts</a> (28810)
 * <a href="http://en.wikipedia.org/wiki/Polio_vaccine">Vaccine</a> (27660)
 * <a href="http://en.wikipedia.org/wiki/Wheel_of_Fortune_(U.S._game_show)">Wheel of Fortune</a> (27337)
 * <a href="http://en.wikipedia.org/wiki/Hungarian_Revolution_of_1956">Budapest</a> (25983)
 * <a href="http://en.wikipedia.org/wiki/Thermonuclear_weapon">H-Bomb</a> (24831)
 * <a href="http://en.wikipedia.org/wiki/The_Bridge_on_the_River_Kwai">Bridge On The River Kwai</a> (23994)
 * <a href="http://en.wikipedia.org/wiki/Sergei_Prokofiev">Prokofiev</a> (23294)
 * <a href="http://en.wikipedia.org/wiki/Los_Angeles_Dodgers">California baseball</a> (23170)
 * <a href="http://en.wikipedia.org/wiki/Sonny_Liston">Liston beats Patterson</a> (21290)
 * <a href="http://en.wikipedia.org/wiki/Pope_Paul_VI">Pope Paul</a> (21015)
 * <a href="http://en.wikipedia.org/wiki/Sally_Ride">Sally Ride</a> (20840)
 * <a href="http://en.wikipedia.org/wiki/Juan_Per%C3%B3n">Juan Peron</a> (20776)
 * <a href="http://en.wikipedia.org/wiki/The_King_and_I">The King And I</a> (19836)
 * <a href="http://en.wikipedia.org/wiki/Operation_Entebbe">Terror on the airline</a> (18693)
 * <a href="http://en.wikipedia.org/wiki/Griswold_v._Connecticut">Birth control</a> (18027)
 * <a href="http://en.wikipedia.org/wiki/Peter_Pan_(1954_musical)">Peter Pan</a> (17142)
 * <a href="http://en.wikipedia.org/wiki/Battle_of_Dien_Bien_Phu">Dien Bien Phu Falls</a> (16703)
 * <a href="http://en.wikipedia.org/wiki/Mickey_Mantle">Mickey Mantle</a> (16278)
 * <a href="http://en.wikipedia.org/wiki/South_Pacific_(musical)">South Pacific</a> (15976)
 * <a href="http://en.wikipedia.org/wiki/Studebaker">Studebaker</a> (15908)
 * <a href="http://en.wikipedia.org/wiki/George_Santayana">Santayana</a> (15903)
 * <a href="http://en.wikipedia.org/wiki/Zhou_Enlai">Chou En-Lai</a> (15744)
 * <a href="http://en.wikipedia.org/wiki/Menachem_Begin">Begin</a> (15424)
 * <a href="http://en.wikipedia.org/wiki/Stranger_in_a_Strange_Land">Stranger in a Strange Land</a> (15086)
 * <a href="http://en.wikipedia.org/wiki/Bernhard_Goetz">Bernie Goetz</a> (14452)
 * <a href="http://en.wikipedia.org/wiki/Charles_Starkweather">Starkweather Homicide</a> (14130)
 * <a href="http://en.wikipedia.org/wiki/Edsel">Edsel is a no-go</a> (13418)
 * <a href="http://en.wikipedia.org/wiki/Congo_Crisis">Belgians in the Congo</a> (13165)
 * <a href="http://en.wikipedia.org/wiki/Chubby_Checker">Chubby Checker</a> (12051)
 * <a href="http://en.wikipedia.org/wiki/Payola">payola</a> (11996)
 * <a href="http://en.wikipedia.org/wiki/Cola_Wars">Rock and roller cola wars</a> (11936)
 * <a href="http://en.wikipedia.org/wiki/Roy_Cohn">Roy Cohn</a> (11566)
 * <a href="http://en.wikipedia.org/wiki/Boris_Pasternak">Pasternak</a> (11113)
 * <a href="http://en.wikipedia.org/wiki/Backmasking">Heavy metal suicide</a> (11069)
 * <a href="http://en.wikipedia.org/wiki/Syngman_Rhee">Syngman Rhee</a> (9726)
 * <a href="http://en.wikipedia.org/wiki/Coronation_of_Queen_Elizabeth_II">England's got a new queen</a> (9696)
 * <a href="http://en.wikipedia.org/wiki/Profumo_affair">British politician sex</a> (9446)
 * <a href="http://en.wikipedia.org/wiki/Johnnie_Ray">Johnnie Ray</a> (9013)
 * <a href="http://en.wikipedia.org/wiki/Rock_Around_the_Clock">Rock Around the Clock</a> (8655)
 * <a href="http://en.wikipedia.org/wiki/Georgy_Malenkov">Malenkov</a> (8234)
 * <a href="http://en.wikipedia.org/wiki/Hula_hoop">Hula hoops</a> (7999)
 * <a href="http://en.wikipedia.org/wiki/Vietnam_veteran">Homeless vets</a> (7809)
 * <a href="http://en.wikipedia.org/wiki/Monkeys_and_apes_in_space">Space monkey</a> (7796)
 * <a href="http://en.wikipedia.org/wiki/Beatlemania">British Beatlemania</a> (7141)
 * <a href="http://en.wikipedia.org/wiki/Arturo_Toscanini">Toscanini</a> (6212)
 * <a href="http://en.wikipedia.org/wiki/Winthrop_Rockefeller">Rockefeller</a> (5902)
 * <a href="http://en.wikipedia.org/wiki/History_of_the_Brooklyn_Dodgers">Brooklyn's got a winning team</a> (5268)
 * <a href="http://en.wikipedia.org/wiki/Panmunjom">Panmunjom</a> (4842)
 * <a href="http://en.wikipedia.org/wiki/Walter_Winchell">Walter Winchell</a> (4680)
 * <a href="http://en.wikipedia.org/wiki/Roy_Campanella">Campanella</a> (4657)
 * <a href="http://en.wikipedia.org/wiki/Peyton_Place_(novel)">Peyton Place</a> (4071)
 * <a href="http://en.wikipedia.org/wiki/Ole_Miss_riot_of_1962">Ole Miss</a> (3945)
 * <a href="http://en.wikipedia.org/wiki/Davy_Crockett_(TV_miniseries)">Davy Crockett</a> (3745)
 * <a href="http://en.wikipedia.org/wiki/People%27s_Liberation_Army_at_Tiananmen_Square_protests_of_1989">China's under martial law</a> (2342)
 * <a href="http://en.wikipedia.org/wiki/Syringe_Tide">Hypodermics on the shores</a> (753)
